Arguments: 
  /usr/bin/node /usr/share/yarn/bin/yarn.js exec keppler -- JAVA --port 80 --host 151.80.146.71

PATH: 
  /home/hazegard/.rbenv/plugins/ruby-build/bin:/home/hazegard/.rbenv/shims:/home/hazegard/.rbenv/bin:/home/hazegard/bin:/home/hazegard/.local/bin:/usr/local/sbin:/usr/local/bin:/usr/sbin:/usr/bin:/sbin:/bin:/usr/games:/usr/local/games:/opt/cmake/bin:/snap/bin

Yarn version: 
  1.5.1

Node version: 
  9.8.0

Platform: 
  linux x64

npm manifest: 
  No manifest

yarn manifest: 
  No manifest

Lockfile: 
  No lockfile

Trace: 
  Error: Command failed.
  Exit signal: SIGHUP
  Command: keppler
  Arguments: JAVA --port 80 --host 151.80.146.71
  Directory: /home/hazegard/workspace/Android/Producthunt-Demo/app/src/main/java/fr/ec/producthunt
  Output:
  
      at ProcessTermError.MessageError (/usr/share/yarn/lib/cli.js:186:110)
      at new ProcessTermError (/usr/share/yarn/lib/cli.js:226:113)
      at ChildProcess.<anonymous> (/usr/share/yarn/lib/cli.js:30281:17)
      at ChildProcess.emit (events.js:180:13)
      at maybeClose (internal/child_process.js:936:16)
      at Process.ChildProcess._handle.onexit (internal/child_process.js:220:5)
